INFO : SCAFFOLD was added to the empty list
INFO : SCAFFOLD was added to the list (end)
INFO : DP- was added to the list (end)
INFO : SCAFFOLD was added to the list (end)
INFO : FedAvg was added to the list (end)
INFO : DP-SCAFFOLD was added to the list (end)
INFO : FedAvg was added to the list (start)
INFO : SCAFFOLD was added to the list (middle)
CRITICAL : FedProx (middle)
INFO : FedAvg was added to the list (middle)
INFO : FedProx was added to the list (middle) as a sub-child
CRITICAL : empty tag for ['{http://www.tei-c.org/ns/1.0}ref', '', ' can better deal with heterogeneous data, while versions of ', 204, 'sub-element', {'type': 'bibr'}, ['software', 'FedProx', ' (Li et al., 2020a)', 'software_sub', None]]
INFO : SCAFFOLD was added to the list (start)
INFO : SCAFFOLD was added to the list (middle)
INFO : FedAvg was added to the list (middle)
INFO : SCAFFOLD was added to the list (end)
INFO : DP-SCAFFOLD was added to the list (end)
INFO : FedAvg was added to the list (end)
INFO : DP-SCAFFOLD was added to the list (end)
INFO : SCAFFOLD was added to the empty list
INFO : SCAFFOLD was added to the list (end)
INFO : FedAvg was added to the list (end)
INFO : FedAvg was added to the list (start)
INFO : FedProx was added to the list (middle)
CRITICAL : SCAFFOLD (middle)
INFO : SCAFFOLD was added to the list (middle)
INFO : FedDyn was added to the list (middle)
INFO : SCAFFOLD was added to the list (end)
INFO : SCAFFOLD was added to the list (end)
INFO : SCAFFOLD was added to the list (middle) as a sub-child
CRITICAL : empty tag for ['{http://www.tei-c.org/ns/1.0}ref', '', ", which relies on variance reduction through control variates. In a nutshell, the update direction of the global model at the server (c) and the update direction of each user i's local model (c i ) are estimated and combined in local Stochastic Gradient Descent (SGD) steps (c -c i ) to correct the user-drift (see Section 3.3 for more details). ", 667, 'sub-element', {'type': 'bibr'}, ['software', 'SCAFFOLD', ' (Karimireddy et al., 2020b)', 'software_sub', None]]
INFO : FedAvg was added to the list (middle)
INFO : FedAvg was added to the list (middle)
INFO : FedSGD was added to the list (middle)
INFO : FedAvg was added to the list (middle)
INFO : FedAvg was added to the list (middle)
INFO : FedSGD was added to the list (middle)
INFO : FedSGD was added to the list (middle)
INFO : FedAvg was added to the list (middle)
INFO : FedSGD was added to the list (middle)
INFO : FedSGD was added to the list (middle)
INFO : FedSGD was added to the list (middle)
INFO : SCAFFOLD was added to the empty list
INFO : DP-SCAFFOLD was added to the empty list
INFO : DP-SCAFFOLD was added to the empty list
INFO : DP-SCAFFOLD was added to the list (end)
INFO : FedAvg was added to the list (end)
INFO : SCAFFOLD was added to the list (end)
INFO : DP-SCAFFOLD was added to the list (end)
INFO : SCAFFOLD was added to the list (end)
INFO : FedAvg was added to the list (end)
INFO : SCAFFOLD was added to the empty list
INFO : DP-SCAFFOLD- was added to the empty list
INFO : DP-SCAFFOLD was added to the list (end)
INFO : SCAFFOLD was added to the empty list
INFO : FedAvg was added to the list (end)
INFO : SCAFFOLD was added to the empty list
INFO : FedAvg was added to the list (end)
INFO : FedAvg was added to the list (start)
INFO : SCAFFOLD was added to the list (middle)
INFO : FedAvg was added to the list (middle)
INFO : SCAFFOLD was added to the list (middle)
INFO : SCAFFOLD was added to the empty list
INFO : FedAvg was added to the list (end)
INFO : FedAvg was added to the empty list
INFO : SCAFFOLD was added to the list (end)
INFO : SCAFFOLD was added to the empty list
INFO : FedAvg was added to the list (end)
INFO : FedAvg was added to the empty list
INFO : SCAFFOLD was added to the empty list
INFO : FedAvg was added to the empty list
INFO : FedAvg was added to the empty list
INFO : DP-SCAFFOLD was added to the list (end)
INFO : FedAvg was added to the list (end)
INFO : DP- was added to the empty list
INFO : SCAFFOLD was added to the list (end)
INFO : FedAvg was added to the list (end)
INFO : DP- was added to the list (end)
INFO : SCAFFOLD was added to the list (end)
INFO : SCAFFOLD was added to the empty list
INFO : DP-SCAFFOLD was added to the list (end)
INFO : SCAFFOLD was added to the list (end)
INFO : FEMNIST was added to the list (end)
INFO : DP-SCAFFOLD was added to the list (start)
INFO : FedAvg was added to the list (middle)
INFO : FedSGD was added to the list (middle)
INFO : FedAvg was added to the list (middle)
INFO : SCAFFOLD was added to the list (middle)
INFO : FEMNIST was added to the list (middle)
INFO : SCAFFOLD was added to the list (start)
INFO : FedAvg was added to the list (middle)
INFO : FedSGD was added to the list (middle)
INFO : SCAFFOLD was added to the list (end)
INFO : FedAvg was added to the list (end)
INFO : DP-SCAFFOLD was added to the list (start)
INFO : DP-SCAFFOLD was added to the empty list
INFO : DP-SCAFFOLD was added to the list (start)
INFO : FedAvg was added to the list (middle)
INFO : FedAvg was added to the list (middle)
INFO : DP-SCAFFOLD was added to the list (middle)
INFO : DP- was added to the list (middle)
INFO : SCAFFOLD was added to the list (middle)
INFO : SCAFFOLD was added to the list (end)
INFO : FedAvg was added to the empty list
INFO : SCAFFOLD was added to the empty list
INFO : FedAvg was added to the list (end)
INFO : SCAFFOLD was added to the empty list
INFO : FedAvg was added to the list (end)
INFO : SCAFFOLD was added to the empty list
INFO : FedAvg was added to the list (end)
INFO : SCAFFOLD was added to the empty list
INFO : FedAvg was added to the list (end)
INFO : SCAFFOLD was added to the empty list
INFO : FedAvg was added to the list (end)
INFO : SCAFFOLD was added to the empty list
INFO : FedAvg was added to the list (end)
INFO : SCAFFOLD was added to the empty list
INFO : SCAFFOLD was added to the empty list
INFO : SCAFFOLD was added to the list (end)
INFO : SCAFFOLD was added to the list (end)
INFO : FedAvg was added to the list (end)
INFO : SCAFFOLD was added to the list (end)
INFO : SCAFFOLD was added to the list (end)
INFO : FedAvg was added to the list (end)
INFO : FedAvg was added to the list (end)
INFO : SCAFFOLD was added to the list (end)
INFO : SCAFFOLD was added to the empty list
INFO : FedAvg was added to the list (end)
INFO : SCAFFOLD was added to the list (start)
INFO : FedAvg was added to the list (middle)
INFO : DP-SCAFFOLD-warm was added to the list (middle)
INFO : DP-SCAFFOLD-warm was added to the list (middle)
INFO : -FedAvg was added to the list (middle)
INFO : DP-SCAFFOLD-warm was added to the list (end)
INFO : FEMNIST was added to the list (start)
INFO : DP-SCAFFOLD-warm was added to the list (middle)
INFO : DP-SCAFFOLD was added to the list (middle)
INFO : DP-SCAFFOLD was added to the list (middle)
INFO : DP-SCAFFOLD was added to the list (middle)
INFO : SCAFFOLD was added to the list (end)
INFO : FEMNIST was added to the empty list
INFO : FEMNIST was added to the list (end)
INFO : SCAFFOLD was added to the list (middle)
INFO : FedAvg was added to the list (middle)
INFO : FedSGD was added to the list (middle)
INFO : DP-SCAFFOLD was added to the list (middle)
INFO : FedAvg was added to the list (middle)
INFO : FedAvg was added to the list (start)
INFO : DP-SCAFFOLD was added to the list (middle)
INFO : DP-SCAFFOLD was added to the list (middle)
INFO : FedAvg was added to the list (middle)
INFO : DP-SCAFFOLD was added to the list (middle)
INFO : FedAvg was added to the list (middle)
INFO : FEMNIST was added to the list (middle)
INFO : DP-SCAFFOLD was added to the list (middle)
INFO : FedAvg was added to the list (middle)
INFO : DP-SCAFFOLD was added to the list (middle)
INFO : SCAFFOLD was added to the list (middle)
INFO : FedAvg was added to the list (middle)
INFO : FEMNIST was added to the list (middle)
INFO : FEMNIST was added to the list (middle)
INFO : FEMNIST was added to the list (end)
CRITICAL : FedAvg (end)
CRITICAL : FedAvg (end)
INFO : FedAvg was added to the list (end)
INFO : FedAvg was added to the list (middle) as a sub-child
CRITICAL : FedAvg(inside software)
INFO : SCAFFOLD was added to the empty list
INFO : SCAFFOLD was added to the list (end)
INFO : SCAFFOLD was added to the list (end)
CRITICAL : duplicate SCAFFOLD
INFO : SCAFFOLD was added to the empty list
INFO : SCAFFOLD was added to the empty list
INFO : SCAFFOLD was added to the list (start)
INFO : SCAFFOLD was added to the empty list
INFO : SCAFFOLD was added to the empty list
INFO : FedAvg was added to the empty list
INFO : FedAvg was added to the list (end)
INFO : FedAvg was added to the empty list
INFO : FedAvg was added to the empty list
INFO : SCAFFOLD was added to the empty list
