INFO : SEALS was added to the list (start)
INFO : SEALS was added to the list (middle)
INFO : SEALS was added to the list (middle)
INFO : MELT was added to the list (middle)
INFO : SEALS was added to the list (end)
INFO : MELT was added to the list (end)
INFO : SEALS was added to the empty list
INFO : MELT was added to the list (end)
INFO : SEALS was added to the list (end)
INFO : MELT was added to the list (end)
INFO : MELT was added to the list (end)
INFO : SEALS was added to the empty list
INFO : MELT was added to the list (start)
INFO : SEALS was added to the list (middle)
INFO : SEALS was added to the list (end)
INFO : SEALS was added to the list (start)
INFO : MELT was added to the list (middle)
INFO : MELT was added to the list (middle)
INFO : MELT was added to the list (end)
INFO : MELT was added to the list (end)
INFO : SEALS was added to the list (end)
INFO : SKOS was added to the empty list
INFO : Pellet was added to the list (end)
INFO : MELT was added to the list (end)
INFO : SEALS was added to the list (end)
INFO : SEALS was added to the list (end)
INFO : edna was added to the empty list
INFO : StringEquiv was added to the list (end)
INFO : ekaw was added to the list (end)
INFO : ekaw was added to the list (end)
INFO : Linux was added to the empty list
CRITICAL : duplicate Linux
CRITICAL : duplicate Linux
INFO : ekaw was added to the empty list
INFO : Linux was added to the empty list
INFO : MELT was added to the empty list
INFO : SEALS was added to the empty list
INFO : AMD was added to the empty list
INFO : MELT was added to the list (middle)
INFO : MELT was added to the list (middle)
INFO : MELT was added to the list (middle)
INFO : MELT was added to the list (middle)
INFO : DeepOnto was added to the list (middle)
INFO : MatOnto was added to the list (middle)
INFO : MELT was added to the empty list
INFO : Windows 10 was added to the list (end)
INFO : CodeMeta was added to the list (end)
INFO : Linux was added to the empty list
INFO : MELT was added to the list (end)
INFO : SEALS was added to the list (end)
INFO : Docker was added to the list (end)
INFO : MELT was added to the list (end)
INFO : Openjdk was added to the list (start)
INFO : MELT was added to the list (middle)
INFO : SPIMBENCH was added to the list (start)
INFO : SPIMBENCH was added to the list (middle)
INFO : SPIMBENCH was added to the list (middle)
INFO : -Sandbox was added to the empty list
INFO : Matcha was added to the list (end)
INFO : LogMap was added to the list (end)
INFO : StringEquiv was added to the list (end)
INFO : Matcha was added to the list (end)
INFO : SEBMatcher was added to the list (end)
INFO : ALIN was added to the list (end)
INFO : LogMapBio was added to the list (end)
INFO : LogMapLt was added to the list (end)
INFO : Matcha was added to the list (end)
INFO : SEBMatcher was added to the list (end)
INFO : LogMapBio was added to the list (end)
INFO : LogMap was added to the list (end)
INFO : AMD was added to the list (end)
INFO : LogMapBio was added to the list (end)
INFO : LogMap was added to the list (end)
INFO : ALIN was added to the empty list
INFO : ATMatcher was added to the list (end)
INFO : GraphMatcher was added to the list (end)
INFO : LogMap was added to the list (end)
INFO : LogMapLt was added to the list (end)
INFO : SEBMatcher was added to the list (end)
INFO : StringEquiv was added to the list (end)
INFO : AMD was added to the list (end)
INFO : LSMatch was added to the list (end)
INFO : KGMatcher was added to the list (end)
INFO : Matcha was added to the list (end)
INFO : AMD was added to the list (end)
INFO : ALIN was added to the list (end)
INFO : ATMatcher was added to the list (end)
INFO : KGMatcher was added to the list (end)
INFO : LSMatch was added to the list (end)
INFO : SEBMatcher was added to the list (end)
INFO : Matcha was added to the list (end)
INFO : ALIN was added to the list (end)
INFO : AMD was added to the list (end)
INFO : KGMatcher was added to the list (end)
INFO : LogMapLt was added to the list (end)
INFO : LSMatch was added to the list (end)
INFO : SEBMatcher was added to the list (end)
INFO : ATMatcher was added to the list (end)
INFO : GraphMatcher was added to the list (end)
INFO : LogMap was added to the list (end)
INFO : Matcha was added to the list (end)
INFO : KGMatcher was added to the list (end)
INFO : LSMatch was added to the list (end)
INFO : GraphMatcher was added to the empty list
INFO : LogMap was added to the list (end)
INFO : Matcha was added to the list (end)
INFO : ALIN was added to the list (start)
INFO : GraphMatcher was added to the list (middle)
INFO : Matcha was added to the list (middle)
INFO : SEBMatcher was added to the list (middle)
INFO : ALIN was added to the list (middle)
INFO : GraphMatcher was added to the list (middle)
INFO : SEBMatcher was added to the list (middle)
INFO : Matcha was added to the list (middle)
INFO : ekaw was added to the list (middle)
INFO : ATMatcher was added to the list (middle)
INFO : KGMatcher+ was added to the list (middle)
INFO : LogMap was added to the list (middle)
INFO : LogMapLt was added to the list (middle)
INFO : LSMatch was added to the list (middle)
INFO : Matcha was added to the list (middle)
INFO : StringEquiv was added to the list (end)
INFO : edna was added to the list (end)
INFO : LogMap was added to the empty list
INFO : ATMatcher was added to the list (end)
INFO : KGMatcher was added to the list (end)
INFO : LSMatch was added to the list (end)
INFO : LogMap was added to the list (end)
INFO : KGMatcher was added to the list (end)
INFO : LSMatch was added to the empty list
INFO : LSMatch was added to the list (end)
INFO : LogMap was added to the list (end)
INFO : LogMapLt was added to the list (end)
INFO : ATMatcher was added to the list (end)
INFO : LSMatch was added to the list (end)
INFO : LSMatch was added to the list (end)
INFO : MELT was added to the list (end)
INFO : MELT was added to the list (end)
INFO : AMD was added to the empty list
INFO : AMD was added to the empty list
INFO : AMD was added to the list (start)
INFO : LogMap was added to the list (middle)
INFO : LogMapLite was added to the list (middle)
INFO : Matcha was added to the list (middle)
INFO : LogMapLight was added to the empty list
INFO : LogMap was added to the list (end)
INFO : LogMap was added to the list (end)
INFO : Matcha was added to the list (end)
INFO : LogMap was added to the list (end)
INFO : Matcha was added to the list (end)
INFO : Matcha was added to the list (end)
INFO : ALIN was added to the list (start)
INFO : LogMap was added to the list (middle)
INFO : LogMap was added to the empty list
INFO : ALIN was added to the list (end)
INFO : LogMap was added to the list (end)
INFO : ALIN was added to the list (end)
INFO : LogMap was added to the list (end)
INFO : ALIN was added to the empty list
INFO : ALIN was added to the empty list
INFO : LogMap was added to the list (end)
INFO : LogMap was added to the list (end)
INFO : ALIN was added to the list (end)
INFO : AMD was added to the list (middle)
INFO : Matcha was added to the list (middle)
INFO : Matcha was added to the list (middle)
INFO : LogMap was added to the list (middle)
INFO : LogMap was added to the list (middle)
INFO : ATMatcher was added to the list (middle)
INFO : LogMap was added to the empty list
INFO : LogMap was added to the list (end)
INFO : LogMapBio was added to the list (end)
INFO : LogMapLt was added to the list (end)
INFO : Matcha was added to the list (end)
INFO : LogMapBio was added to the empty list
INFO : LogMap was added to the list (end)
INFO : SKOS was added to the list (end)
INFO : LogMapLt was added to the list (end)
INFO : SKOS was added to the list (end)
INFO : LogMap was added to the list (end)
INFO : LogMapLt was added to the list (end)
INFO : Matcha was added to the list (end)
INFO : LogMapLt was added to the list (end)
INFO : AMD was added to the list (start)
INFO : LogMap was added to the list (middle)
INFO : LogMapLt was added to the list (middle)
INFO : Matcha was added to the list (middle)
INFO : MatOnto was added to the empty list
INFO : LogMap was added to the list (end)
INFO : LogMap was added to the list (end)
INFO : LogMapLt was added to the list (end)
INFO : MatOnto was added to the list (end)
INFO : Matcha was added to the list (end)
INFO : LogMap was added to the list (end)
INFO : LogMapLight was added to the list (end)
INFO : LogMap was added to the list (end)
INFO : LogMap was added to the list (end)
INFO : LogMapLt was added to the list (end)
INFO : LogMap was added to the list (end)
INFO : LogMap was added to the list (end)
INFO : Matcha was added to the list (end)
INFO : LogMap was added to the empty list
INFO : LogMap was added to the list (end)
INFO : LogMapLt was added to the list (end)
INFO : LogMap was added to the list (end)
INFO : LogMapLt was added to the list (end)
INFO : Matcha was added to the list (end)
INFO : Matcha was added to the list (end)
INFO : AMD was added to the list (start)
INFO : LogMap was added to the list (middle)
INFO : LogMapLt was added to the list (middle)
INFO : Matcha was added to the list (middle)
INFO : AMD was added to the list (end)
INFO : LogMap was added to the list (end)
INFO : LogMapLt was added to the list (end)
INFO : Matcha was added to the list (end)
INFO : LogMapLt was added to the empty list
INFO : DLinker was added to the empty list
INFO : DLinker was added to the list (end)
INFO : DLinker was added to the list (end)
INFO : DLinker was added to the empty list
INFO : DLinker was added to the empty list
INFO : DLinker was added to the empty list
INFO : SPIMBENCH was added to the list (start)
INFO : LogMap was added to the list (middle)
INFO : DLinker was added to the list (middle)
INFO : DLinker was added to the list (middle)
INFO : LogMap was added to the list (middle)
INFO : LogMap was added to the list (end)
INFO : DLinker was added to the list (end)
INFO : MELT was added to the list (start)
INFO : SEALS was added to the list (middle)
INFO : AMD was added to the list (middle)
INFO : ATMatcher was added to the list (start)
INFO : Matcha was added to the list (middle)
INFO : AMD was added to the list (middle)
INFO : KGMatcher was added to the list (start)
INFO : LogMap was added to the list (middle)
INFO : Matcha was added to the list (middle)
INFO : ATMatcher was added to the list (middle)
INFO : Matcha was added to the list (end)
INFO : LSMatch was added to the list (start)
INFO : ATMatcher was added to the list (middle)
INFO : LogMap was added to the list (middle)
INFO : MELT was added to the list (middle)
INFO : SKOS was added to the empty list
INFO : SPIMBENCH was added to the empty list
CRITICAL : SystemPrec(inside software)
INFO : DeepOnto was added to the empty list
INFO : MatOnto was added to the empty list
INFO : LogMap was added to the empty list
INFO : SEALS was added to the empty list
INFO : Docker was added to the list (end)
INFO : LogMap was added to the list (end)
INFO : ATMatcher was added to the list (end)
INFO : Matcha was added to the list (end)
INFO : KGMatcher+ was added to the list (end)
INFO : LogMapLite was added to the list (end)
INFO : LogMapKG was added to the list (end)
INFO : LsMatch was added to the list (end)
INFO : AMD was added to the list (end)
INFO : LogMap was added to the list (end)
INFO : ATMatcher was added to the list (end)
INFO : KGMatcher was added to the list (end)
INFO : AMD was added to the list (end)
INFO : ATMatcher was added to the list (end)
INFO : KGMatcher was added to the list (end)
INFO : AMD was added to the list (end)
INFO : LogMapLite was added to the list (end)
INFO : Matcha was added to the list (end)
INFO : LsMatch was added to the list (end)
INFO : Matcha was added to the list (end)
INFO : LogMap was added to the list (end)
INFO : LogMapKG was added to the list (end)
INFO : AMD was added to the list (end)
INFO : LogMapLite was added to the list (start)
INFO : LogMapLite was added to the list (middle)
INFO : KGMatcher+ was added to the list (end)
INFO : LogMapLite was added to the list (end)
