INFO : XEM was added to the list (end)
INFO : XEM was added to the list (end)
INFO : XEM was added to the list (end)
INFO : XEM was added to the list (middle)
INFO : XEM was added to the list (middle)
INFO : XEM was added to the list (end)
INFO : XEM was added to the list (end)
INFO : Tap-Net was added to the list (middle)
INFO : XEM was added to the list (start)
INFO : XEM was added to the list (end)
INFO : XEM was added to the list (end)
INFO : XEM was added to the list (end)
INFO : XEM was added to the list (end)
INFO : XEM was added to the list (end)
INFO : XEM was added to the list (end)
INFO : XEM was added to the list (end)
INFO : XEM was added to the list (end)
INFO : XEM was added to the empty list
INFO : XEM was added to the list (end)
INFO : XEM was added to the list (end)
INFO : XEM was added to the list (start)
INFO : XEM was added to the list (start)
INFO : XEM was added to the list (middle)
INFO : XEM was added to the list (middle)
INFO : XEM was added to the list (middle)
INFO : XEM was added to the list (end)
INFO : XEM was added to the list (end)
INFO : XEM was added to the list (end)
INFO : XEM was added to the list (start)
INFO : XEM was added to the list (middle)
INFO : XEM was added to the list (end)
INFO : XEM was added to the list (start)
INFO : XEM was added to the list (middle)
INFO : XEM was added to the list (middle)
INFO : XEM was added to the list (end)
INFO : XEM was added to the list (start)
INFO : XEM was added to the list (end)
INFO : XEM was added to the list (start)
INFO : XEM was added to the list (end)
INFO : XEM was added to the list (end)
INFO : XEM was added to the list (end)
INFO : XEM was added to the empty list
INFO : XEM was added to the list (end)
INFO : XEM was added to the list (start)
INFO : XEM was added to the empty list
INFO : XEM was added to the list (start)
INFO : XEM was added to the list (middle)
INFO : XEM was added to the list (middle)
INFO : XEM was added to the list (middle)
INFO : XEM was added to the list (start)
INFO : XEM was added to the list (start)
INFO : Keras was added to the list (middle)
INFO : Keras 8 was added to the list (middle)
INFO : xgboost package was added to the list (end)
INFO : XEM was added to the empty list
INFO : XEM was added to the list (start)
INFO : hyperopt was added to the list (middle)
INFO : Hyperopt was added to the list (middle)
INFO : hyperopt was added to the list (middle)
INFO : Keras was added to the list (end)
INFO : XEM was added to the list (middle)
INFO : scmamp was added to the list (middle)
INFO : XEM was added to the list (start)
INFO : XEM was added to the list (middle)
INFO : XEM was added to the list (middle)
INFO : XEM was added to the list (middle)
INFO : XEM was added to the list (middle)
INFO : XEM was added to the list (middle)
INFO : XEM was added to the list (end)
INFO : XEM was added to the list (end)
INFO : XEM was added to the empty list
INFO : XEM was added to the list (end)
INFO : XEM was added to the list (end)
INFO : XEM was added to the list (end)
INFO : XEM was added to the list (end)
INFO : XEM was added to the list (end)
INFO : XEM was added to the list (end)
INFO : XEM was added to the list (end)
INFO : XEM was added to the list (end)
INFO : XEM was added to the list (end)
INFO : XEM was added to the list (end)
INFO : XEM was added to the list (start)
INFO : XEM was added to the list (middle)
INFO : XEM was added to the list (middle)
INFO : XEM was added to the list (middle)
INFO : XEM was added to the list (middle)
INFO : XEM was added to the list (middle)
INFO : XEM was added to the list (middle)
INFO : XEM was added to the list (middle)
INFO : XEM was added to the empty list
INFO : XEM was added to the list (end)
INFO : XEM was added to the list (start)
INFO : XEM was added to the list (middle)
INFO : XEM was added to the list (middle)
INFO : XEM was added to the list (start)
INFO : XEM was added to the list (middle)
INFO : XEM was added to the list (middle)
INFO : XEM was added to the list (middle)
INFO : XEM was added to the list (middle)
INFO : XEM was added to the list (middle)
INFO : XEM was added to the list (middle)
INFO : XEM was added to the list (end)
INFO : XEM was added to the list (end)
INFO : XEM was added to the list (end)
INFO : XEM was added to the list (end)
INFO : XEM was added to the list (end)
INFO : XEM was added to the list (start)
INFO : XEM was added to the list (middle)
INFO : XEM was added to the list (middle)
INFO : XEM was added to the list (middle)
INFO : XEM was added to the list (middle)
INFO : XEM was added to the list (middle)
INFO : XEM was added to the list (middle)
INFO : XEM was added to the list (middle)
INFO : XEM was added to the list (middle)
INFO : XEM was added to the list (middle)
INFO : XEM was added to the list (middle)
INFO : XEM was added to the list (middle)
INFO : XEM was added to the list (middle)
INFO : XEM was added to the list (middle)
INFO : XEM was added to the list (middle)
INFO : XEM was added to the list (middle)
INFO : XEM was added to the list (middle)
INFO : XEM was added to the list (middle)
INFO : XEM was added to the list (middle)
INFO : XEM was added to the list (middle)
INFO : XEM was added to the list (end)
INFO : XEM was added to the list (start)
INFO : XEM was added to the list (middle)
INFO : XEM was added to the list (middle)
INFO : XEM was added to the list (middle)
INFO : XEM was added to the list (end)
INFO : XEM was added to the list (start)
INFO : XEM was added to the list (middle)
INFO : XEM was added to the list (end)
INFO : XEM was added to the list (end)
INFO : XEM was added to the empty list
INFO : XEM was added to the list (middle)
INFO : XEM was added to the list (middle)
INFO : XEM was added to the list (middle)
INFO : XEM was added to the list (middle)
INFO : U Wave Gesture Library was added to the list (middle)
INFO : XEM was added to the list (end)
INFO : XEM was added to the list (end)
INFO : U Wave Gesture Library was added to the list (end)
INFO : XEM was added to the list (end)
INFO : U Wave Gesture Library was added to the list (end)
INFO : XEM was added to the empty list
INFO : U Wave Gesture Library was added to the list (end)
INFO : XEM was added to the list (end)
INFO : XEM was added to the empty list
INFO : XEM was added to the list (start)
INFO : XEM was added to the list (middle)
INFO : XEM was added to the list (start)
INFO : XEM was added to the list (middle)
INFO : U Wave Gesture Library was added to the list (middle)
INFO : XEM was added to the list (end)
INFO : XEM was added to the list (end)
INFO : XEM was added to the list (end)
INFO : XEM was added to the list (end)
INFO : XEM was added to the list (end)
INFO : XEM was added to the list (end)
INFO : XEM was added to the list (start)
INFO : XEM was added to the list (middle)
INFO : XEM was added to the list (end)
INFO : XEM was added to the list (middle)
INFO : XEM was added to the list (end)
INFO : XEM was added to the empty list
INFO : XEM was added to the empty list
INFO : XEM was added to the list (end)
INFO : XEM was added to the empty list
INFO : XEM was added to the list (end)
INFO : XEM was added to the list (end)
INFO : XEM was added to the list (end)
INFO : XEM was added to the list (start)
INFO : XEM was added to the list (middle)
INFO : XEM was added to the list (middle)
INFO : XEM was added to the list (middle)
INFO : XEM was added to the list (middle)
INFO : XEM was added to the list (middle)
INFO : XEM was added to the list (middle)
INFO : XEM was added to the list (middle)
INFO : XEM was added to the list (middle)
INFO : XEM was added to the list (middle)
INFO : XEM was added to the list (middle)
INFO : XEM was added to the list (middle)
INFO : XEM was added to the list (middle)
INFO : XEM was added to the list (middle)
INFO : XEM was added to the list (middle)
INFO : XEM was added to the list (middle)
INFO : XEM was added to the list (middle)
INFO : XEM was added to the list (end)
INFO : XEM was added to the list (end)
INFO : XEM was added to the list (end)
INFO : XEM was added to the list (end)
INFO : XEM was added to the list (end)
INFO : XEM was added to the list (end)
INFO : XEM was added to the list (end)
INFO : XEM was added to the empty list
INFO : XEM was added to the list (end)
CRITICAL : XEM (end)
CRITICAL : XEM (end)
INFO : XEM was added to the list (end)
INFO : XEM was added to the list (middle) as a sub-child
INFO : XEM was added to the empty list
INFO : hyperopt was added to the empty list
INFO : hyperopt was added to the list (end)
INFO : scmamp was added to the empty list
